#
# There is insufficient memory for the Java Runtime Environment to continue.
# Native memory allocation (mmap) failed to map 43384832 bytes for committing reserved memory.
# Possible reasons:
#   The system is out of physical RAM or swap space
#   In 32 bit mode, the process size limit was hit
# Possible solutions:
#   Reduce memory load on the system
#   Increase physical memory or swap space
#   Check if swap backing store is full
#   Use 64 bit Java on a 64 bit OS
#   Decrease Java heap size (-Xmx/-Xms)
#   Decrease number of Java threads
#   Decrease Java thread stack sizes (-Xss)
#   Set larger code cache with -XX:ReservedCodeCacheSize=
# This output file may be truncated or incomplete.
#
#  Out of Memory Error (os_linux.cpp:2643), pid=81467, tid=0x00007f5709a60700
#
# JRE version:  (8.0_151-b12) (build )
# Java VM: OpenJDK 64-Bit Server VM (25.151-b12 mixed mode linux-amd64 compressed oops)
# Failed to write core dump. Core dumps have been disabled. To enable core dumping, try "ulimit -c unlimited" before starting Java again
#

---------------  T H R E A D  ---------------

Current thread (0x00007f570000a000):  JavaThread "Unknown thread" [_thread_in_vm, id=81473, stack(0x00007f5709960000,0x00007f5709a61000)]

Stack: [0x00007f5709960000,0x00007f5709a61000],  sp=0x00007f5709a5f4e0,  free space=1021k
Native frames: (J=compiled Java code, j=interpreted, Vv=VM code, C=native code)
V  [libjvm.so+0xa6b400]
V  [libjvm.so+0x4c67fc]
V  [libjvm.so+0x8bab90]
V  [libjvm.so+0x8b521e]
V  [libjvm.so+0xa67ff4]
V  [libjvm.so+0x5ca190]
V  [libjvm.so+0xa079f4]
V  [libjvm.so+0x5caf2a]
V  [libjvm.so+0x5b674f]
V  [libjvm.so+0xa2f6f1]
V  [libjvm.so+0xa2f952]
V  [libjvm.so+0x60f13f]
V  [libjvm.so+0xa141ca]
V  [libjvm.so+0x6891c1]  JNI_CreateJavaVM+0x61
C  [libjli.so+0x2f06]
C  [libjli.so+0x748d]
C  [libpthread.so.0+0x76da]  start_thread+0xca


---------------  P R O C E S S  ---------------

Java Threads: ( => current thread )

Other Threads:

=>0x00007f570000a000 (exited) JavaThread "Unknown thread" [_thread_in_vm, id=81473, stack(0x00007f5709960000,0x00007f5709a61000)]

VM state:not at safepoint (not fully initialized)

VM Mutex/Monitor currently owned by a thread: None

GC Heap History (0 events):
No events

Deoptimization events (0 events):
No events

Internal exceptions (0 events):
No events

Events (0 events):
No events


Dynamic libraries:
c2800000-c3ca0000 rw-p 00000000 00:00 0 
c3ca0000-d7000000 ---p 00000000 00:00 0 
d9960000-100000000 ---p 00000000 00:00 0 
564df9313000-564df9314000 r-xp 00000000 08:01 157837                     /usr/lib/jvm/java-8-openjdk-amd64/jre/bin/java
564df9513000-564df9514000 r--p 00000000 08:01 157837                     /usr/lib/jvm/java-8-openjdk-amd64/jre/bin/java
564df9514000-564df9515000 rw-p 00001000 08:01 157837                     /usr/lib/jvm/java-8-openjdk-amd64/jre/bin/java
564dfa6eb000-564dfa70c000 rw-p 00000000 00:00 0                          [heap]
7f56f1000000-7f56f1270000 rwxp 00000000 00:00 0 
7f56f1270000-7f5700000000 ---p 00000000 00:00 0 
7f5700000000-7f5700033000 rw-p 00000000 00:00 0 
7f5700033000-7f5704000000 ---p 00000000 00:00 0 
7f5705e1d000-7f5705e28000 rw-p 00000000 00:00 0 
7f5705e28000-7f5706009000 ---p 00000000 00:00 0 
7f5706009000-7f5706014000 rw-p 00000000 00:00 0 
7f5706014000-7f57063ca000 ---p 00000000 00:00 0 
7f57063ca000-7f57063d2000 r-xp 00000000 08:01 157901                     /usr/lib/jvm/java-8-openjdk-amd64/jre/lib/amd64/libzip.so
7f57063d2000-7f57065d1000 ---p 00008000 08:01 157901                     /usr/lib/jvm/java-8-openjdk-amd64/jre/lib/amd64/libzip.so
7f57065d1000-7f57065d2000 r--p 00007000 08:01 157901                     /usr/lib/jvm/java-8-openjdk-amd64/jre/lib/amd64/libzip.so
7f57065d2000-7f57065d3000 rw-p 00008000 08:01 157901                     /usr/lib/jvm/java-8-openjdk-amd64/jre/lib/amd64/libzip.so
7f57065d3000-7f57065de000 r-xp 00000000 08:01 412732                     /lib/x86_64-linux-gnu/libnss_files-2.24.so
7f57065de000-7f57067dd000 ---p 0000b000 08:01 412732                     /lib/x86_64-linux-gnu/libnss_files-2.24.so
7f57067dd000-7f57067de000 r--p 0000a000 08:01 412732                     /lib/x86_64-linux-gnu/libnss_files-2.24.so
7f57067de000-7f57067df000 rw-p 0000b000 08:01 412732                     /lib/x86_64-linux-gnu/libnss_files-2.24.so
7f57067df000-7f57067e5000 rw-p 00000000 00:00 0 
7f57067e5000-7f57067f0000 r-xp 00000000 08:01 412752                     /lib/x86_64-linux-gnu/libnss_nis-2.24.so
7f57067f0000-7f57069ef000 ---p 0000b000 08:01 412752                     /lib/x86_64-linux-gnu/libnss_nis-2.24.so
7f57069ef000-7f57069f0000 r--p 0000a000 08:01 412752                     /lib/x86_64-linux-gnu/libnss_nis-2.24.so
7f57069f0000-7f57069f1000 rw-p 0000b000 08:01 412752                     /lib/x86_64-linux-gnu/libnss_nis-2.24.so
7f57069f1000-7f5706a07000 r-xp 00000000 08:01 412719                     /lib/x86_64-linux-gnu/libnsl-2.24.so
7f5706a07000-7f5706c06000 ---p 00016000 08:01 412719                     /lib/x86_64-linux-gnu/libnsl-2.24.so
7f5706c06000-7f5706c07000 r--p 00015000 08:01 412719                     /lib/x86_64-linux-gnu/libnsl-2.24.so
7f5706c07000-7f5706c08000 rw-p 00016000 08:01 412719                     /lib/x86_64-linux-gnu/libnsl-2.24.so
7f5706c08000-7f5706c0a000 rw-p 00000000 00:00 0 
7f5706c0a000-7f5706c12000 r-xp 00000000 08:01 412720                     /lib/x86_64-linux-gnu/libnss_compat-2.24.so
7f5706c12000-7f5706e11000 ---p 00008000 08:01 412720                     /lib/x86_64-linux-gnu/libnss_compat-2.24.so
7f5706e11000-7f5706e12000 r--p 00007000 08:01 412720                     /lib/x86_64-linux-gnu/libnss_compat-2.24.so
7f5706e12000-7f5706e13000 rw-p 00008000 08:01 412720                     /lib/x86_64-linux-gnu/libnss_compat-2.24.so
7f5706e13000-7f5706e40000 r-xp 00000000 08:01 157882                     /usr/lib/jvm/java-8-openjdk-amd64/jre/lib/amd64/libjava.so
7f5706e40000-7f570703f000 ---p 0002d000 08:01 157882                     /usr/lib/jvm/java-8-openjdk-amd64/jre/lib/amd64/libjava.so
7f570703f000-7f5707040000 r--p 0002c000 08:01 157882                     /usr/lib/jvm/java-8-openjdk-amd64/jre/lib/amd64/libjava.so
7f5707040000-7f5707042000 rw-p 0002d000 08:01 157882                     /usr/lib/jvm/java-8-openjdk-amd64/jre/lib/amd64/libjava.so
7f5707042000-7f5707051000 r-xp 00000000 08:01 157900                     /usr/lib/jvm/java-8-openjdk-amd64/jre/lib/amd64/libverify.so
7f5707051000-7f5707251000 ---p 0000f000 08:01 157900                     /usr/lib/jvm/java-8-openjdk-amd64/jre/lib/amd64/libverify.so
7f5707251000-7f5707253000 r--p 0000f000 08:01 157900                     /usr/lib/jvm/java-8-openjdk-amd64/jre/lib/amd64/libverify.so
7f5707253000-7f5707254000 rw-p 00011000 08:01 157900                     /usr/lib/jvm/java-8-openjdk-amd64/jre/lib/amd64/libverify.so
7f5707254000-7f570725b000 r-xp 00000000 08:01 412824                     /lib/x86_64-linux-gnu/librt-2.24.so
7f570725b000-7f570745a000 ---p 00007000 08:01 412824                     /lib/x86_64-linux-gnu/librt-2.24.so
7f570745a000-7f570745b000 r--p 00006000 08:01 412824                     /lib/x86_64-linux-gnu/librt-2.24.so
7f570745b000-7f570745c000 rw-p 00007000 08:01 412824                     /lib/x86_64-linux-gnu/librt-2.24.so
7f570745c000-7f5707472000 r-xp 00000000 08:01 399075                     /lib/x86_64-linux-gnu/libgcc_s.so.1
7f5707472000-7f5707671000 ---p 00016000 08:01 399075                     /lib/x86_64-linux-gnu/libgcc_s.so.1
7f5707671000-7f5707672000 r--p 00015000 08:01 399075                     /lib/x86_64-linux-gnu/libgcc_s.so.1
7f5707672000-7f5707673000 rw-p 00016000 08:01 399075                     /lib/x86_64-linux-gnu/libgcc_s.so.1
7f5707673000-7f570777b000 r-xp 00000000 08:01 412624                     /lib/x86_64-linux-gnu/libm-2.24.so
7f570777b000-7f570797a000 ---p 00108000 08:01 412624                     /lib/x86_64-linux-gnu/libm-2.24.so
7f570797a000-7f570797b000 r--p 00107000 08:01 412624                     /lib/x86_64-linux-gnu/libm-2.24.so
7f570797b000-7f570797c000 rw-p 00108000 08:01 412624                     /lib/x86_64-linux-gnu/libm-2.24.so
7f570797c000-7f5707af5000 r-xp 00000000 08:01 928527                     /usr/lib/x86_64-linux-gnu/libstdc++.so.6.0.22
7f5707af5000-7f5707cf4000 ---p 00179000 08:01 928527                     /usr/lib/x86_64-linux-gnu/libstdc++.so.6.0.22
7f5707cf4000-7f5707cfe000 r--p 00178000 08:01 928527                     /usr/lib/x86_64-linux-gnu/libstdc++.so.6.0.22
7f5707cfe000-7f5707d00000 rw-p 00182000 08:01 928527                     /usr/lib/x86_64-linux-gnu/libstdc++.so.6.0.22
7f5707d00000-7f5707d04000 rw-p 00000000 00:00 0 
7f5707d04000-7f5708959000 r-xp 00000000 08:01 157903                     /usr/lib/jvm/java-8-openjdk-amd64/jre/lib/amd64/server/libjvm.so
7f5708959000-7f5708b59000 ---p 00c55000 08:01 157903                     /usr/lib/jvm/java-8-openjdk-amd64/jre/lib/amd64/server/libjvm.so
7f5708b59000-7f5708bec000 r--p 00c55000 08:01 157903                     /usr/lib/jvm/java-8-openjdk-amd64/jre/lib/amd64/server/libjvm.so
7f5708bec000-7f5708c15000 rw-p 00ce8000 08:01 157903                     /usr/lib/jvm/java-8-openjdk-amd64/jre/lib/amd64/server/libjvm.so
7f5708c15000-7f5708c45000 rw-p 00000000 00:00 0 
7f5708c45000-7f5708c5d000 r-xp 00000000 08:01 412800                     /lib/x86_64-linux-gnu/libpthread-2.24.so
7f5708c5d000-7f5708e5d000 ---p 00018000 08:01 412800                     /lib/x86_64-linux-gnu/libpthread-2.24.so
7f5708e5d000-7f5708e5e000 r--p 00018000 08:01 412800                     /lib/x86_64-linux-gnu/libpthread-2.24.so
7f5708e5e000-7f5708e5f000 rw-p 00019000 08:01 412800                     /lib/x86_64-linux-gnu/libpthread-2.24.so
7f5708e5f000-7f5708e63000 rw-p 00000000 00:00 0 
7f5708e63000-7f5708e66000 r-xp 00000000 08:01 412618                     /lib/x86_64-linux-gnu/libdl-2.24.so
7f5708e66000-7f5709065000 ---p 00003000 08:01 412618                     /lib/x86_64-linux-gnu/libdl-2.24.so
7f5709065000-7f5709066000 r--p 00002000 08:01 412618                     /lib/x86_64-linux-gnu/libdl-2.24.so
7f5709066000-7f5709067000 rw-p 00003000 08:01 412618                     /lib/x86_64-linux-gnu/libdl-2.24.so
7f5709067000-7f5709082000 r-xp 00000000 08:01 399217                     /lib/x86_64-linux-gnu/libz.so.1.2.11
7f5709082000-7f5709281000 ---p 0001b000 08:01 399217                     /lib/x86_64-linux-gnu/libz.so.1.2.11
7f5709281000-7f5709282000 r--p 0001a000 08:01 399217                     /lib/x86_64-linux-gnu/libz.so.1.2.11
7f5709282000-7f5709283000 rw-p 0001b000 08:01 399217                     /lib/x86_64-linux-gnu/libz.so.1.2.11
7f5709283000-7f5709441000 r-xp 00000000 08:01 412585                     /lib/x86_64-linux-gnu/libc-2.24.so
7f5709441000-7f5709640000 ---p 001be000 08:01 412585                     /lib/x86_64-linux-gnu/libc-2.24.so
7f5709640000-7f5709644000 r--p 001bd000 08:01 412585                     /lib/x86_64-linux-gnu/libc-2.24.so
7f5709644000-7f5709646000 rw-p 001c1000 08:01 412585                     /lib/x86_64-linux-gnu/libc-2.24.so
7f5709646000-7f570964a000 rw-p 00000000 00:00 0 
7f570964a000-7f5709657000 r-xp 00000000 08:01 157862                     /usr/lib/jvm/java-8-openjdk-amd64/jre/lib/amd64/jli/libjli.so
7f5709657000-7f5709857000 ---p 0000d000 08:01 157862                     /usr/lib/jvm/java-8-openjdk-amd64/jre/lib/amd64/jli/libjli.so
7f5709857000-7f5709858000 r--p 0000d000 08:01 157862                     /usr/lib/jvm/java-8-openjdk-amd64/jre/lib/amd64/jli/libjli.so
7f5709858000-7f5709859000 rw-p 0000e000 08:01 157862                     /usr/lib/jvm/java-8-openjdk-amd64/jre/lib/amd64/jli/libjli.so
7f5709859000-7f570987f000 r-xp 00000000 08:01 412461                     /lib/x86_64-linux-gnu/ld-2.24.so
7f5709960000-7f5709963000 ---p 00000000 00:00 0 
7f5709963000-7f5709a65000 rw-p 00000000 00:00 0 
7f5709a71000-7f5709a79000 rw-s 00000000 08:01 265488                     /tmp/hsperfdata_james/81467
7f5709a79000-7f5709a7a000 rw-p 00000000 00:00 0 
7f5709a7a000-7f5709a7b000 r--p 00000000 00:00 0 
7f5709a7b000-7f5709a7e000 rw-p 00000000 00:00 0 
7f5709a7e000-7f5709a7f000 r--p 00025000 08:01 412461                     /lib/x86_64-linux-gnu/ld-2.24.so
7f5709a7f000-7f5709a80000 rw-p 00026000 08:01 412461                     /lib/x86_64-linux-gnu/ld-2.24.so
7f5709a80000-7f5709a81000 rw-p 00000000 00:00 0 
7ffc203eb000-7ffc2040c000 rw-p 00000000 00:00 0                          [stack]
7ffc205c2000-7ffc205c4000 r--p 00000000 00:00 0                          [vvar]
7ffc205c4000-7ffc205c6000 r-xp 00000000 00:00 0                          [vdso]
ffffffffff600000-ffffffffff601000 r-xp 00000000 00:00 0                  [vsyscall]

VM Arguments:
jvm_args: -Dfile.encoding=UTF-8 
java_command: scanner.let_lang_scanner
java_class_path (initial): /home/james/eclipse-workspace/letrec_proj_james_cenac/bin
Launcher Type: SUN_STANDARD

Environment Variables:
PATH=/home/james/.cargo/bin:/usr/local/sbin:/usr/local/bin:/usr/sbin:/usr/bin:/sbin:/bin:/usr/games:/usr/local/games:/snap/bin
SHELL=/bin/bash
DISPLAY=:0

Signal Handlers:
SIGSEGV: [libjvm.so+0xa6be90], sa_mask[0]=11111111011111111101111111111110, sa_flags=SA_RESTART|SA_SIGINFO
SIGBUS: [libjvm.so+0xa6be90], sa_mask[0]=11111111011111111101111111111110, sa_flags=SA_RESTART|SA_SIGINFO
SIGFPE: [libjvm.so+0x8b63b0], sa_mask[0]=11111111011111111101111111111110, sa_flags=SA_RESTART|SA_SIGINFO
SIGPIPE: [libjvm.so+0x8b63b0], sa_mask[0]=11111111011111111101111111111110, sa_flags=SA_RESTART|SA_SIGINFO
SIGXFSZ: [libjvm.so+0x8b63b0], sa_mask[0]=11111111011111111101111111111110, sa_flags=SA_RESTART|SA_SIGINFO
SIGILL: [libjvm.so+0x8b63b0], sa_mask[0]=11111111011111111101111111111110, sa_flags=SA_RESTART|SA_SIGINFO
SIGUSR1: SIG_DFL, sa_mask[0]=00000000000000000000000000000000, sa_flags=none
SIGUSR2: [libjvm.so+0x8b6260], sa_mask[0]=00100000000000000000000000000000, sa_flags=SA_RESTART|SA_SIGINFO
SIGHUP: SIG_DFL, sa_mask[0]=00000000000000000000000000000000, sa_flags=none
SIGINT: SIG_DFL, sa_mask[0]=00000000000000000000000000000000, sa_flags=none
SIGTERM: SIG_DFL, sa_mask[0]=00000000000000000000000000000000, sa_flags=none
SIGQUIT: SIG_DFL, sa_mask[0]=00000000000000000000000000000000, sa_flags=none


---------------  S Y S T E M  ---------------

OS:DISTRIB_ID=Ubuntu
DISTRIB_RELEASE=17.04
DISTRIB_CODENAME=zesty
DISTRIB_DESCRIPTION="Ubuntu 17.04"

uname:Linux 4.10.0-38-generic #42-Ubuntu SMP Tue Oct 10 13:24:27 UTC 2017 x86_64
libc:glibc 2.24 NPTL 2.24 
rlimit: STACK 8192k, CORE 0k, NPROC 15545, NOFILE 1048576, AS infinity
load average:0.62 0.29 0.21

/proc/meminfo:
MemTotal:        4025384 kB
MemFree:          102176 kB
MemAvailable:      15012 kB
Buffers:            3180 kB
Cached:            37400 kB
SwapCached:         1068 kB
Active:          3078892 kB
Inactive:         630232 kB
Active(anon):    3059584 kB
Inactive(anon):   611784 kB
Active(file):      19308 kB
Inactive(file):    18448 kB
Unevictable:          64 kB
Mlocked:              64 kB
SwapTotal:        969960 kB
SwapFree:            328 kB
Dirty:               212 kB
Writeback:           688 kB
AnonPages:       3667736 kB
Mapped:            31308 kB
Shmem:              2836 kB
Slab:              71740 kB
SReclaimable:      29120 kB
SUnreclaim:        42620 kB
KernelStack:        8848 kB
PageTables:        31760 kB
NFS_Unstable:          0 kB
Bounce:                0 kB
WritebackTmp:          0 kB
CommitLimit:     2982652 kB
Committed_AS:    3391440 kB
VmallocTotal:   34359738367 kB
VmallocUsed:           0 kB
VmallocChunk:          0 kB
HardwareCorrupted:     0 kB
AnonHugePages:   2961408 kB
ShmemHugePages:        0 kB
ShmemPmdMapped:        0 kB
CmaTotal:              0 kB
CmaFree:               0 kB
HugePages_Total:       0
HugePages_Free:        0
HugePages_Rsvd:        0
HugePages_Surp:        0
Hugepagesize:       2048 kB
DirectMap4k:      116544 kB
DirectMap2M:     4077568 kB
DirectMap1G:     2097152 kB


CPU:total 1 (initial active 1) (1 cores per cpu, 1 threads per core) family 6 model 94 stepping 3, cmov, cx8, fxsr, mmx, sse, sse2, sse3, ssse3, sse4.1, sse4.2, popcnt, avx, avx2, aes, clmul, erms, rtm, 3dnowpref, lzcnt, tsc, tscinvbit, bmi1, bmi2, adx

/proc/cpuinfo:
processor	: 0
vendor_id	: GenuineIntel
cpu family	: 6
model		: 94
model name	: Intel(R) Core(TM) i5-6600K CPU @ 3.50GHz
stepping	: 3
microcode	: 0x9e
cpu MHz		: 3504.003
cache size	: 6144 KB
physical id	: 0
siblings	: 1
core id		: 0
cpu cores	: 1
apicid		: 0
initial apicid	: 0
fpu		: yes
fpu_exception	: yes
cpuid level	: 22
wp		: yes
flags		: fpu vme de pse tsc msr pae mce cx8 apic sep mtrr pge mca cmov pat pse36 clflush dts mmx fxsr sse sse2 ss syscall nx pdpe1gb rdtscp lm constant_tsc arch_perfmon pebs bts nopl xtopology tsc_reliable nonstop_tsc aperfmperf pni pclmulqdq ssse3 fma cx16 pcid sse4_1 sse4_2 x2apic movbe popcnt tsc_deadline_timer aes xsave avx f16c rdrand hypervisor lahf_lm abm 3dnowprefetch epb fsgsbase tsc_adjust bmi1 hle avx2 smep bmi2 invpcid rtm rdseed adx smap xsaveopt dtherm ida arat pln pts hwp hwp_notify hwp_act_window hwp_epp
bugs		:
bogomips	: 7008.00
clflush size	: 64
cache_alignment	: 64
address sizes	: 42 bits physical, 48 bits virtual
power management:



Memory: 4k page, physical 4025384k(102176k free), swap 969960k(328k free)

vm_info: OpenJDK 64-Bit Server VM (25.151-b12) for linux-amd64 JRE (1.8.0_151-8u151-b12-0ubuntu0.17.04.2-b12), built on Oct 26 2017 19:48:24 by "buildd" with gcc 6.3.0 20170406

time: Sun Nov 26 03:17:56 2017
elapsed time: 0 seconds (0d 0h 0m 0s)

