#
# There is insufficient memory for the Java Runtime Environment to continue.
# Native memory allocation (mmap) failed to map 43384832 bytes for committing reserved memory.
# Possible reasons:
#   The system is out of physical RAM or swap space
#   In 32 bit mode, the process size limit was hit
# Possible solutions:
#   Reduce memory load on the system
#   Increase physical memory or swap space
#   Check if swap backing store is full
#   Use 64 bit Java on a 64 bit OS
#   Decrease Java heap size (-Xmx/-Xms)
#   Decrease number of Java threads
#   Decrease Java thread stack sizes (-Xss)
#   Set larger code cache with -XX:ReservedCodeCacheSize=
# This output file may be truncated or incomplete.
#
#  Out of Memory Error (os_linux.cpp:2643), pid=81419, tid=0x00007f1869122700
#
# JRE version:  (8.0_151-b12) (build )
# Java VM: OpenJDK 64-Bit Server VM (25.151-b12 mixed mode linux-amd64 compressed oops)
# Failed to write core dump. Core dumps have been disabled. To enable core dumping, try "ulimit -c unlimited" before starting Java again
#

---------------  T H R E A D  ---------------

Current thread (0x00007f186000a000):  JavaThread "Unknown thread" [_thread_in_vm, id=81424, stack(0x00007f1869022000,0x00007f1869123000)]

Stack: [0x00007f1869022000,0x00007f1869123000],  sp=0x00007f18691214e0,  free space=1021k
Native frames: (J=compiled Java code, j=interpreted, Vv=VM code, C=native code)
V  [libjvm.so+0xa6b400]
V  [libjvm.so+0x4c67fc]
V  [libjvm.so+0x8bab90]
V  [libjvm.so+0x8b521e]
V  [libjvm.so+0xa67ff4]
V  [libjvm.so+0x5ca190]
V  [libjvm.so+0xa079f4]
V  [libjvm.so+0x5caf2a]
V  [libjvm.so+0x5b674f]
V  [libjvm.so+0xa2f6f1]
V  [libjvm.so+0xa2f952]
V  [libjvm.so+0x60f13f]
V  [libjvm.so+0xa141ca]
V  [libjvm.so+0x6891c1]  JNI_CreateJavaVM+0x61
C  [libjli.so+0x2f06]
C  [libjli.so+0x748d]
C  [libpthread.so.0+0x76da]  start_thread+0xca


---------------  P R O C E S S  ---------------

Java Threads: ( => current thread )

Other Threads:

=>0x00007f186000a000 (exited) JavaThread "Unknown thread" [_thread_in_vm, id=81424, stack(0x00007f1869022000,0x00007f1869123000)]

VM state:not at safepoint (not fully initialized)

VM Mutex/Monitor currently owned by a thread: None

GC Heap History (0 events):
No events

Deoptimization events (0 events):
No events

Internal exceptions (0 events):
No events

Events (0 events):
No events


Dynamic libraries:
c2800000-c3ca0000 rw-p 00000000 00:00 0 
c3ca0000-d7000000 ---p 00000000 00:00 0 
d9960000-100000000 ---p 00000000 00:00 0 
559c92fd8000-559c92fd9000 r-xp 00000000 08:01 157837                     /usr/lib/jvm/java-8-openjdk-amd64/jre/bin/java
559c931d8000-559c931d9000 r--p 00000000 08:01 157837                     /usr/lib/jvm/java-8-openjdk-amd64/jre/bin/java
559c931d9000-559c931da000 rw-p 00001000 08:01 157837                     /usr/lib/jvm/java-8-openjdk-amd64/jre/bin/java
559c947cb000-559c947ec000 rw-p 00000000 00:00 0                          [heap]
7f1851000000-7f1851270000 rwxp 00000000 00:00 0 
7f1851270000-7f1860000000 ---p 00000000 00:00 0 
7f1860000000-7f1860033000 rw-p 00000000 00:00 0 
7f1860033000-7f1864000000 ---p 00000000 00:00 0 
7f18654df000-7f18654ea000 rw-p 00000000 00:00 0 
7f18654ea000-7f18656cb000 ---p 00000000 00:00 0 
7f18656cb000-7f18656d6000 rw-p 00000000 00:00 0 
7f18656d6000-7f1865a8c000 ---p 00000000 00:00 0 
7f1865a8c000-7f1865a94000 r-xp 00000000 08:01 157901                     /usr/lib/jvm/java-8-openjdk-amd64/jre/lib/amd64/libzip.so
7f1865a94000-7f1865c93000 ---p 00008000 08:01 157901                     /usr/lib/jvm/java-8-openjdk-amd64/jre/lib/amd64/libzip.so
7f1865c93000-7f1865c94000 r--p 00007000 08:01 157901                     /usr/lib/jvm/java-8-openjdk-amd64/jre/lib/amd64/libzip.so
7f1865c94000-7f1865c95000 rw-p 00008000 08:01 157901                     /usr/lib/jvm/java-8-openjdk-amd64/jre/lib/amd64/libzip.so
7f1865c95000-7f1865ca0000 r-xp 00000000 08:01 412732                     /lib/x86_64-linux-gnu/libnss_files-2.24.so
7f1865ca0000-7f1865e9f000 ---p 0000b000 08:01 412732                     /lib/x86_64-linux-gnu/libnss_files-2.24.so
7f1865e9f000-7f1865ea0000 r--p 0000a000 08:01 412732                     /lib/x86_64-linux-gnu/libnss_files-2.24.so
7f1865ea0000-7f1865ea1000 rw-p 0000b000 08:01 412732                     /lib/x86_64-linux-gnu/libnss_files-2.24.so
7f1865ea1000-7f1865ea7000 rw-p 00000000 00:00 0 
7f1865ea7000-7f1865eb2000 r-xp 00000000 08:01 412752                     /lib/x86_64-linux-gnu/libnss_nis-2.24.so
7f1865eb2000-7f18660b1000 ---p 0000b000 08:01 412752                     /lib/x86_64-linux-gnu/libnss_nis-2.24.so
7f18660b1000-7f18660b2000 r--p 0000a000 08:01 412752                     /lib/x86_64-linux-gnu/libnss_nis-2.24.so
7f18660b2000-7f18660b3000 rw-p 0000b000 08:01 412752                     /lib/x86_64-linux-gnu/libnss_nis-2.24.so
7f18660b3000-7f18660c9000 r-xp 00000000 08:01 412719                     /lib/x86_64-linux-gnu/libnsl-2.24.so
7f18660c9000-7f18662c8000 ---p 00016000 08:01 412719                     /lib/x86_64-linux-gnu/libnsl-2.24.so
7f18662c8000-7f18662c9000 r--p 00015000 08:01 412719                     /lib/x86_64-linux-gnu/libnsl-2.24.so
7f18662c9000-7f18662ca000 rw-p 00016000 08:01 412719                     /lib/x86_64-linux-gnu/libnsl-2.24.so
7f18662ca000-7f18662cc000 rw-p 00000000 00:00 0 
7f18662cc000-7f18662d4000 r-xp 00000000 08:01 412720                     /lib/x86_64-linux-gnu/libnss_compat-2.24.so
7f18662d4000-7f18664d3000 ---p 00008000 08:01 412720                     /lib/x86_64-linux-gnu/libnss_compat-2.24.so
7f18664d3000-7f18664d4000 r--p 00007000 08:01 412720                     /lib/x86_64-linux-gnu/libnss_compat-2.24.so
7f18664d4000-7f18664d5000 rw-p 00008000 08:01 412720                     /lib/x86_64-linux-gnu/libnss_compat-2.24.so
7f18664d5000-7f1866502000 r-xp 00000000 08:01 157882                     /usr/lib/jvm/java-8-openjdk-amd64/jre/lib/amd64/libjava.so
7f1866502000-7f1866701000 ---p 0002d000 08:01 157882                     /usr/lib/jvm/java-8-openjdk-amd64/jre/lib/amd64/libjava.so
7f1866701000-7f1866702000 r--p 0002c000 08:01 157882                     /usr/lib/jvm/java-8-openjdk-amd64/jre/lib/amd64/libjava.so
7f1866702000-7f1866704000 rw-p 0002d000 08:01 157882                     /usr/lib/jvm/java-8-openjdk-amd64/jre/lib/amd64/libjava.so
7f1866704000-7f1866713000 r-xp 00000000 08:01 157900                     /usr/lib/jvm/java-8-openjdk-amd64/jre/lib/amd64/libverify.so
7f1866713000-7f1866913000 ---p 0000f000 08:01 157900                     /usr/lib/jvm/java-8-openjdk-amd64/jre/lib/amd64/libverify.so
7f1866913000-7f1866915000 r--p 0000f000 08:01 157900                     /usr/lib/jvm/java-8-openjdk-amd64/jre/lib/amd64/libverify.so
7f1866915000-7f1866916000 rw-p 00011000 08:01 157900                     /usr/lib/jvm/java-8-openjdk-amd64/jre/lib/amd64/libverify.so
7f1866916000-7f186691d000 r-xp 00000000 08:01 412824                     /lib/x86_64-linux-gnu/librt-2.24.so
7f186691d000-7f1866b1c000 ---p 00007000 08:01 412824                     /lib/x86_64-linux-gnu/librt-2.24.so
7f1866b1c000-7f1866b1d000 r--p 00006000 08:01 412824                     /lib/x86_64-linux-gnu/librt-2.24.so
7f1866b1d000-7f1866b1e000 rw-p 00007000 08:01 412824                     /lib/x86_64-linux-gnu/librt-2.24.so
7f1866b1e000-7f1866b34000 r-xp 00000000 08:01 399075                     /lib/x86_64-linux-gnu/libgcc_s.so.1
7f1866b34000-7f1866d33000 ---p 00016000 08:01 399075                     /lib/x86_64-linux-gnu/libgcc_s.so.1
7f1866d33000-7f1866d34000 r--p 00015000 08:01 399075                     /lib/x86_64-linux-gnu/libgcc_s.so.1
7f1866d34000-7f1866d35000 rw-p 00016000 08:01 399075                     /lib/x86_64-linux-gnu/libgcc_s.so.1
7f1866d35000-7f1866e3d000 r-xp 00000000 08:01 412624                     /lib/x86_64-linux-gnu/libm-2.24.so
7f1866e3d000-7f186703c000 ---p 00108000 08:01 412624                     /lib/x86_64-linux-gnu/libm-2.24.so
7f186703c000-7f186703d000 r--p 00107000 08:01 412624                     /lib/x86_64-linux-gnu/libm-2.24.so
7f186703d000-7f186703e000 rw-p 00108000 08:01 412624                     /lib/x86_64-linux-gnu/libm-2.24.so
7f186703e000-7f18671b7000 r-xp 00000000 08:01 928527                     /usr/lib/x86_64-linux-gnu/libstdc++.so.6.0.22
7f18671b7000-7f18673b6000 ---p 00179000 08:01 928527                     /usr/lib/x86_64-linux-gnu/libstdc++.so.6.0.22
7f18673b6000-7f18673c0000 r--p 00178000 08:01 928527                     /usr/lib/x86_64-linux-gnu/libstdc++.so.6.0.22
7f18673c0000-7f18673c2000 rw-p 00182000 08:01 928527                     /usr/lib/x86_64-linux-gnu/libstdc++.so.6.0.22
7f18673c2000-7f18673c6000 rw-p 00000000 00:00 0 
7f18673c6000-7f186801b000 r-xp 00000000 08:01 157903                     /usr/lib/jvm/java-8-openjdk-amd64/jre/lib/amd64/server/libjvm.so
7f186801b000-7f186821b000 ---p 00c55000 08:01 157903                     /usr/lib/jvm/java-8-openjdk-amd64/jre/lib/amd64/server/libjvm.so
7f186821b000-7f18682ae000 r--p 00c55000 08:01 157903                     /usr/lib/jvm/java-8-openjdk-amd64/jre/lib/amd64/server/libjvm.so
7f18682ae000-7f18682d7000 rw-p 00ce8000 08:01 157903                     /usr/lib/jvm/java-8-openjdk-amd64/jre/lib/amd64/server/libjvm.so
7f18682d7000-7f1868307000 rw-p 00000000 00:00 0 
7f1868307000-7f186831f000 r-xp 00000000 08:01 412800                     /lib/x86_64-linux-gnu/libpthread-2.24.so
7f186831f000-7f186851f000 ---p 00018000 08:01 412800                     /lib/x86_64-linux-gnu/libpthread-2.24.so
7f186851f000-7f1868520000 r--p 00018000 08:01 412800                     /lib/x86_64-linux-gnu/libpthread-2.24.so
7f1868520000-7f1868521000 rw-p 00019000 08:01 412800                     /lib/x86_64-linux-gnu/libpthread-2.24.so
7f1868521000-7f1868525000 rw-p 00000000 00:00 0 
7f1868525000-7f1868528000 r-xp 00000000 08:01 412618                     /lib/x86_64-linux-gnu/libdl-2.24.so
7f1868528000-7f1868727000 ---p 00003000 08:01 412618                     /lib/x86_64-linux-gnu/libdl-2.24.so
7f1868727000-7f1868728000 r--p 00002000 08:01 412618                     /lib/x86_64-linux-gnu/libdl-2.24.so
7f1868728000-7f1868729000 rw-p 00003000 08:01 412618                     /lib/x86_64-linux-gnu/libdl-2.24.so
7f1868729000-7f1868744000 r-xp 00000000 08:01 399217                     /lib/x86_64-linux-gnu/libz.so.1.2.11
7f1868744000-7f1868943000 ---p 0001b000 08:01 399217                     /lib/x86_64-linux-gnu/libz.so.1.2.11
7f1868943000-7f1868944000 r--p 0001a000 08:01 399217                     /lib/x86_64-linux-gnu/libz.so.1.2.11
7f1868944000-7f1868945000 rw-p 0001b000 08:01 399217                     /lib/x86_64-linux-gnu/libz.so.1.2.11
7f1868945000-7f1868b03000 r-xp 00000000 08:01 412585                     /lib/x86_64-linux-gnu/libc-2.24.so
7f1868b03000-7f1868d02000 ---p 001be000 08:01 412585                     /lib/x86_64-linux-gnu/libc-2.24.so
7f1868d02000-7f1868d06000 r--p 001bd000 08:01 412585                     /lib/x86_64-linux-gnu/libc-2.24.so
7f1868d06000-7f1868d08000 rw-p 001c1000 08:01 412585                     /lib/x86_64-linux-gnu/libc-2.24.so
7f1868d08000-7f1868d0c000 rw-p 00000000 00:00 0 
7f1868d0c000-7f1868d19000 r-xp 00000000 08:01 157862                     /usr/lib/jvm/java-8-openjdk-amd64/jre/lib/amd64/jli/libjli.so
7f1868d19000-7f1868f19000 ---p 0000d000 08:01 157862                     /usr/lib/jvm/java-8-openjdk-amd64/jre/lib/amd64/jli/libjli.so
7f1868f19000-7f1868f1a000 r--p 0000d000 08:01 157862                     /usr/lib/jvm/java-8-openjdk-amd64/jre/lib/amd64/jli/libjli.so
7f1868f1a000-7f1868f1b000 rw-p 0000e000 08:01 157862                     /usr/lib/jvm/java-8-openjdk-amd64/jre/lib/amd64/jli/libjli.so
7f1868f1b000-7f1868f41000 r-xp 00000000 08:01 412461                     /lib/x86_64-linux-gnu/ld-2.24.so
7f1869022000-7f1869025000 ---p 00000000 00:00 0 
7f1869025000-7f1869127000 rw-p 00000000 00:00 0 
7f1869133000-7f186913b000 rw-s 00000000 08:01 295909                     /tmp/hsperfdata_james/81419
7f186913b000-7f186913c000 rw-p 00000000 00:00 0 
7f186913c000-7f186913d000 r--p 00000000 00:00 0 
7f186913d000-7f1869140000 rw-p 00000000 00:00 0 
7f1869140000-7f1869141000 r--p 00025000 08:01 412461                     /lib/x86_64-linux-gnu/ld-2.24.so
7f1869141000-7f1869142000 rw-p 00026000 08:01 412461                     /lib/x86_64-linux-gnu/ld-2.24.so
7f1869142000-7f1869143000 rw-p 00000000 00:00 0 
7ffc525d2000-7ffc525f3000 rw-p 00000000 00:00 0                          [stack]
7ffc525f7000-7ffc525f9000 r--p 00000000 00:00 0                          [vvar]
7ffc525f9000-7ffc525fb000 r-xp 00000000 00:00 0                          [vdso]
ffffffffff600000-ffffffffff601000 r-xp 00000000 00:00 0                  [vsyscall]

VM Arguments:
jvm_args: -Dfile.encoding=UTF-8 
java_command: scanner.let_lang_scanner
java_class_path (initial): /home/james/eclipse-workspace/letrec_proj_james_cenac/bin
Launcher Type: SUN_STANDARD

Environment Variables:
PATH=/home/james/.cargo/bin:/usr/local/sbin:/usr/local/bin:/usr/sbin:/usr/bin:/sbin:/bin:/usr/games:/usr/local/games:/snap/bin
SHELL=/bin/bash
DISPLAY=:0

Signal Handlers:
SIGSEGV: [libjvm.so+0xa6be90], sa_mask[0]=11111111011111111101111111111110, sa_flags=SA_RESTART|SA_SIGINFO
SIGBUS: [libjvm.so+0xa6be90], sa_mask[0]=11111111011111111101111111111110, sa_flags=SA_RESTART|SA_SIGINFO
SIGFPE: [libjvm.so+0x8b63b0], sa_mask[0]=11111111011111111101111111111110, sa_flags=SA_RESTART|SA_SIGINFO
SIGPIPE: [libjvm.so+0x8b63b0], sa_mask[0]=11111111011111111101111111111110, sa_flags=SA_RESTART|SA_SIGINFO
SIGXFSZ: [libjvm.so+0x8b63b0], sa_mask[0]=11111111011111111101111111111110, sa_flags=SA_RESTART|SA_SIGINFO
SIGILL: [libjvm.so+0x8b63b0], sa_mask[0]=11111111011111111101111111111110, sa_flags=SA_RESTART|SA_SIGINFO
SIGUSR1: SIG_DFL, sa_mask[0]=00000000000000000000000000000000, sa_flags=none
SIGUSR2: [libjvm.so+0x8b6260], sa_mask[0]=00100000000000000000000000000000, sa_flags=SA_RESTART|SA_SIGINFO
SIGHUP: SIG_DFL, sa_mask[0]=00000000000000000000000000000000, sa_flags=none
SIGINT: SIG_DFL, sa_mask[0]=00000000000000000000000000000000, sa_flags=none
SIGTERM: SIG_DFL, sa_mask[0]=00000000000000000000000000000000, sa_flags=none
SIGQUIT: SIG_DFL, sa_mask[0]=00000000000000000000000000000000, sa_flags=none


---------------  S Y S T E M  ---------------

OS:DISTRIB_ID=Ubuntu
DISTRIB_RELEASE=17.04
DISTRIB_CODENAME=zesty
DISTRIB_DESCRIPTION="Ubuntu 17.04"

uname:Linux 4.10.0-38-generic #42-Ubuntu SMP Tue Oct 10 13:24:27 UTC 2017 x86_64
libc:glibc 2.24 NPTL 2.24 
rlimit: STACK 8192k, CORE 0k, NPROC 15545, NOFILE 1048576, AS infinity
load average:0.14 0.17 0.17

/proc/meminfo:
MemTotal:        4025384 kB
MemFree:          106944 kB
MemAvailable:      17668 kB
Buffers:            3172 kB
Cached:            33140 kB
SwapCached:         1296 kB
Active:          3121332 kB
Inactive:         582456 kB
Active(anon):    3104088 kB
Inactive(anon):   566156 kB
Active(file):      17244 kB
Inactive(file):    16300 kB
Unevictable:          64 kB
Mlocked:              64 kB
SwapTotal:        969960 kB
SwapFree:            272 kB
Dirty:               172 kB
Writeback:           608 kB
AnonPages:       3666500 kB
Mapped:            28776 kB
Shmem:              2780 kB
Slab:              71732 kB
SReclaimable:      29112 kB
SUnreclaim:        42620 kB
KernelStack:        8828 kB
PageTables:        31756 kB
NFS_Unstable:          0 kB
Bounce:                0 kB
WritebackTmp:          0 kB
CommitLimit:     2982652 kB
Committed_AS:    3383068 kB
VmallocTotal:   34359738367 kB
VmallocUsed:           0 kB
VmallocChunk:          0 kB
HardwareCorrupted:     0 kB
AnonHugePages:   2955264 kB
ShmemHugePages:        0 kB
ShmemPmdMapped:        0 kB
CmaTotal:              0 kB
CmaFree:               0 kB
HugePages_Total:       0
HugePages_Free:        0
HugePages_Rsvd:        0
HugePages_Surp:        0
Hugepagesize:       2048 kB
DirectMap4k:      116544 kB
DirectMap2M:     4077568 kB
DirectMap1G:     2097152 kB


CPU:total 1 (initial active 1) (1 cores per cpu, 1 threads per core) family 6 model 94 stepping 3, cmov, cx8, fxsr, mmx, sse, sse2, sse3, ssse3, sse4.1, sse4.2, popcnt, avx, avx2, aes, clmul, erms, rtm, 3dnowpref, lzcnt, tsc, tscinvbit, bmi1, bmi2, adx

/proc/cpuinfo:
processor	: 0
vendor_id	: GenuineIntel
cpu family	: 6
model		: 94
model name	: Intel(R) Core(TM) i5-6600K CPU @ 3.50GHz
stepping	: 3
microcode	: 0x9e
cpu MHz		: 3504.003
cache size	: 6144 KB
physical id	: 0
siblings	: 1
core id		: 0
cpu cores	: 1
apicid		: 0
initial apicid	: 0
fpu		: yes
fpu_exception	: yes
cpuid level	: 22
wp		: yes
flags		: fpu vme de pse tsc msr pae mce cx8 apic sep mtrr pge mca cmov pat pse36 clflush dts mmx fxsr sse sse2 ss syscall nx pdpe1gb rdtscp lm constant_tsc arch_perfmon pebs bts nopl xtopology tsc_reliable nonstop_tsc aperfmperf pni pclmulqdq ssse3 fma cx16 pcid sse4_1 sse4_2 x2apic movbe popcnt tsc_deadline_timer aes xsave avx f16c rdrand hypervisor lahf_lm abm 3dnowprefetch epb fsgsbase tsc_adjust bmi1 hle avx2 smep bmi2 invpcid rtm rdseed adx smap xsaveopt dtherm ida arat pln pts hwp hwp_notify hwp_act_window hwp_epp
bugs		:
bogomips	: 7008.00
clflush size	: 64
cache_alignment	: 64
address sizes	: 42 bits physical, 48 bits virtual
power management:



Memory: 4k page, physical 4025384k(106944k free), swap 969960k(272k free)

vm_info: OpenJDK 64-Bit Server VM (25.151-b12) for linux-amd64 JRE (1.8.0_151-8u151-b12-0ubuntu0.17.04.2-b12), built on Oct 26 2017 19:48:24 by "buildd" with gcc 6.3.0 20170406

time: Sun Nov 26 03:17:21 2017
elapsed time: 0 seconds (0d 0h 0m 0s)

